kneighbors.py
Arguments : Namespace(batch_norm=True, batchsize=128, batchsize_net=0, bn_after_bottleneck=False, bottleneck_dim=128, bottleneck_spatialsize=1, convolutional_classifier=6, dataset='cifar10', dropout=0.0, feat_square=False, finalsize_avg_pooling=0, gaussian_patches=False, kneighbors=0, kneighbors_fraction=0.4, lr_schedule='{0:3e-3,100:3e-4,150:3e-5}', multigpu=False, n_channel_convolution=16384, nepochs=175, no_affine_batch_norm=False, no_cudnn=False, no_jit=False, no_padding=False, normalize_net_outputs=False, num_workers=4, numpy_seed=0, optimizer='SGD', padding_mode='reflect', patches_file='', path_test='/d1/dataset/imagenet32/out_data_val', path_train='/d1/dataset/imagenet32/out_data_train', relu_after_bottleneck=False, resnet=False, resume='', save_best_model=False, save_model=False, sgd_momentum=0.9, spatialsize_avg_pooling=5, spatialsize_convolution=6, stride_avg_pooling=3, stride_convolution=1, summary_file='', torch_seed=0, weight_decay=0.0, whitening_reg=0.001)
device: cuda
Files already downloaded and verified
Files already downloaded and verified
Trainset : (50000, 32, 32, 3)
patches randomly selected: (16384, 3, 6, 6)
kernel convolution shape: torch.Size([16384, 3, 6, 6])
bias convolution shape: torch.Size([1, 16384, 1, 1])
Net output size: out1 torch.Size([16384, 9, 9]) out2 torch.Size([16384, 9, 9])
Parameters shape [torch.Size([16384]), torch.Size([16384]), torch.Size([16384]), torch.Size([16384]), torch.Size([10, 128, 6, 6]), torch.Size([10]), torch.Size([128, 16384, 1, 1]), torch.Size([128]), torch.Size([128, 16384, 1, 1]), torch.Size([128])]
N parameters : 4.306186 millions
optimizing net execution with torch.jit
new lr:0.003
Train, epoch: 0; Loss: 1.34 | Acc: 53.9 ; kneighbors_fraction 0.400
Test, epoch: 0; Loss: 1.17 | Acc: 59.9 @1 95.8 @5 ; kneighbors_fraction 0.400
Best acc (59.91).
Train, epoch: 1; Loss: 1.17 | Acc: 60.9 ; kneighbors_fraction 0.400
Test, epoch: 1; Loss: 0.98 | Acc: 68.2 @1 97.0 @5 ; kneighbors_fraction 0.400
Best acc (68.2).
Train, epoch: 2; Loss: 1.12 | Acc: 63.2 ; kneighbors_fraction 0.400
Test, epoch: 2; Loss: 1.07 | Acc: 66.5 @1 96.9 @5 ; kneighbors_fraction 0.400
Train, epoch: 3; Loss: 1.06 | Acc: 65.4 ; kneighbors_fraction 0.400
Test, epoch: 3; Loss: 1.00 | Acc: 68.5 @1 97.0 @5 ; kneighbors_fraction 0.400
Best acc (68.48).
Train, epoch: 4; Loss: 1.02 | Acc: 66.8 ; kneighbors_fraction 0.400
Test, epoch: 4; Loss: 0.88 | Acc: 71.2 @1 97.5 @5 ; kneighbors_fraction 0.400
Best acc (71.19).
Train, epoch: 5; Loss: 1.00 | Acc: 67.6 ; kneighbors_fraction 0.400
Test, epoch: 5; Loss: 1.01 | Acc: 69.2 @1 97.3 @5 ; kneighbors_fraction 0.400
Train, epoch: 6; Loss: 0.97 | Acc: 68.8 ; kneighbors_fraction 0.400
Test, epoch: 6; Loss: 0.93 | Acc: 71.2 @1 97.4 @5 ; kneighbors_fraction 0.400
Train, epoch: 7; Loss: 0.92 | Acc: 70.1 ; kneighbors_fraction 0.400
Test, epoch: 7; Loss: 0.86 | Acc: 73.2 @1 98.2 @5 ; kneighbors_fraction 0.400
Best acc (73.17).
Train, epoch: 8; Loss: 0.94 | Acc: 70.3 ; kneighbors_fraction 0.400
Test, epoch: 8; Loss: 0.92 | Acc: 71.8 @1 97.5 @5 ; kneighbors_fraction 0.400
Train, epoch: 9; Loss: 0.90 | Acc: 71.2 ; kneighbors_fraction 0.400
Test, epoch: 9; Loss: 0.88 | Acc: 73.5 @1 97.8 @5 ; kneighbors_fraction 0.400
Best acc (73.52).
Train, epoch: 10; Loss: 0.88 | Acc: 71.9 ; kneighbors_fraction 0.400
Test, epoch: 10; Loss: 0.89 | Acc: 74.0 @1 98.0 @5 ; kneighbors_fraction 0.400
Best acc (74.03).
Train, epoch: 11; Loss: 0.83 | Acc: 73.4 ; kneighbors_fraction 0.400
Test, epoch: 11; Loss: 0.97 | Acc: 71.5 @1 97.8 @5 ; kneighbors_fraction 0.400
Train, epoch: 12; Loss: 0.83 | Acc: 73.3 ; kneighbors_fraction 0.400
Test, epoch: 12; Loss: 0.96 | Acc: 72.8 @1 98.1 @5 ; kneighbors_fraction 0.400
Train, epoch: 13; Loss: 0.86 | Acc: 73.1 ; kneighbors_fraction 0.400
Test, epoch: 13; Loss: 0.88 | Acc: 73.5 @1 98.0 @5 ; kneighbors_fraction 0.400
Train, epoch: 14; Loss: 0.83 | Acc: 73.9 ; kneighbors_fraction 0.400
Test, epoch: 14; Loss: 0.84 | Acc: 75.4 @1 98.2 @5 ; kneighbors_fraction 0.400
Best acc (75.41).
Train, epoch: 15; Loss: 0.80 | Acc: 74.7 ; kneighbors_fraction 0.400
Test, epoch: 15; Loss: 0.85 | Acc: 74.8 @1 98.0 @5 ; kneighbors_fraction 0.400
Train, epoch: 16; Loss: 0.80 | Acc: 74.7 ; kneighbors_fraction 0.400
Test, epoch: 16; Loss: 0.83 | Acc: 75.4 @1 98.1 @5 ; kneighbors_fraction 0.400
Best acc (75.43).
Train, epoch: 17; Loss: 0.77 | Acc: 75.8 ; kneighbors_fraction 0.400
Test, epoch: 17; Loss: 0.86 | Acc: 74.6 @1 97.9 @5 ; kneighbors_fraction 0.400
Train, epoch: 18; Loss: 0.77 | Acc: 76.0 ; kneighbors_fraction 0.400
Test, epoch: 18; Loss: 0.91 | Acc: 74.7 @1 98.1 @5 ; kneighbors_fraction 0.400
Train, epoch: 19; Loss: 0.77 | Acc: 76.2 ; kneighbors_fraction 0.400
Test, epoch: 19; Loss: 0.92 | Acc: 75.1 @1 97.6 @5 ; kneighbors_fraction 0.400
Train, epoch: 20; Loss: 0.73 | Acc: 77.2 ; kneighbors_fraction 0.400
Test, epoch: 20; Loss: 0.86 | Acc: 74.8 @1 98.3 @5 ; kneighbors_fraction 0.400
Train, epoch: 21; Loss: 0.72 | Acc: 77.2 ; kneighbors_fraction 0.400
Test, epoch: 21; Loss: 0.87 | Acc: 75.3 @1 98.4 @5 ; kneighbors_fraction 0.400
Train, epoch: 22; Loss: 0.74 | Acc: 77.4 ; kneighbors_fraction 0.400
Test, epoch: 22; Loss: 0.87 | Acc: 75.7 @1 98.1 @5 ; kneighbors_fraction 0.400
Best acc (75.7).
Train, epoch: 23; Loss: 0.71 | Acc: 78.0 ; kneighbors_fraction 0.400
Test, epoch: 23; Loss: 0.79 | Acc: 76.2 @1 98.3 @5 ; kneighbors_fraction 0.400
Best acc (76.21).
Train, epoch: 24; Loss: 0.73 | Acc: 77.6 ; kneighbors_fraction 0.400
Test, epoch: 24; Loss: 0.87 | Acc: 75.8 @1 98.1 @5 ; kneighbors_fraction 0.400
Train, epoch: 25; Loss: 0.71 | Acc: 78.1 ; kneighbors_fraction 0.400
Test, epoch: 25; Loss: 0.85 | Acc: 75.8 @1 98.4 @5 ; kneighbors_fraction 0.400
Train, epoch: 26; Loss: 0.72 | Acc: 78.2 ; kneighbors_fraction 0.400
Test, epoch: 26; Loss: 0.86 | Acc: 76.9 @1 97.9 @5 ; kneighbors_fraction 0.400
Best acc (76.86).
Train, epoch: 27; Loss: 0.68 | Acc: 79.4 ; kneighbors_fraction 0.400
Test, epoch: 27; Loss: 0.84 | Acc: 77.4 @1 98.3 @5 ; kneighbors_fraction 0.400
Best acc (77.42).
Train, epoch: 28; Loss: 0.65 | Acc: 79.7 ; kneighbors_fraction 0.400
Test, epoch: 28; Loss: 0.94 | Acc: 74.9 @1 98.3 @5 ; kneighbors_fraction 0.400
Train, epoch: 29; Loss: 0.67 | Acc: 79.6 ; kneighbors_fraction 0.400
Test, epoch: 29; Loss: 0.91 | Acc: 75.6 @1 98.0 @5 ; kneighbors_fraction 0.400
Train, epoch: 30; Loss: 0.67 | Acc: 79.5 ; kneighbors_fraction 0.400
Test, epoch: 30; Loss: 0.93 | Acc: 76.0 @1 97.8 @5 ; kneighbors_fraction 0.400
Train, epoch: 31; Loss: 0.64 | Acc: 80.5 ; kneighbors_fraction 0.400
Test, epoch: 31; Loss: 0.80 | Acc: 78.8 @1 98.5 @5 ; kneighbors_fraction 0.400
Best acc (78.78).
Train, epoch: 32; Loss: 0.67 | Acc: 80.0 ; kneighbors_fraction 0.400
Test, epoch: 32; Loss: 0.85 | Acc: 77.1 @1 98.2 @5 ; kneighbors_fraction 0.400
Train, epoch: 33; Loss: 0.65 | Acc: 80.4 ; kneighbors_fraction 0.400
Test, epoch: 33; Loss: 0.99 | Acc: 75.8 @1 98.2 @5 ; kneighbors_fraction 0.400
Train, epoch: 34; Loss: 0.66 | Acc: 80.3 ; kneighbors_fraction 0.400
Test, epoch: 34; Loss: 1.04 | Acc: 75.2 @1 97.9 @5 ; kneighbors_fraction 0.400
Train, epoch: 35; Loss: 0.63 | Acc: 81.0 ; kneighbors_fraction 0.400
Test, epoch: 35; Loss: 0.82 | Acc: 77.9 @1 98.7 @5 ; kneighbors_fraction 0.400
Train, epoch: 36; Loss: 0.65 | Acc: 80.8 ; kneighbors_fraction 0.400
Test, epoch: 36; Loss: 0.92 | Acc: 76.8 @1 98.4 @5 ; kneighbors_fraction 0.400
Train, epoch: 37; Loss: 0.63 | Acc: 81.4 ; kneighbors_fraction 0.400
Test, epoch: 37; Loss: 0.88 | Acc: 77.8 @1 98.5 @5 ; kneighbors_fraction 0.400
Train, epoch: 38; Loss: 0.61 | Acc: 81.8 ; kneighbors_fraction 0.400
Test, epoch: 38; Loss: 0.95 | Acc: 76.2 @1 98.1 @5 ; kneighbors_fraction 0.400
Train, epoch: 39; Loss: 0.61 | Acc: 82.0 ; kneighbors_fraction 0.400
Test, epoch: 39; Loss: 1.00 | Acc: 75.9 @1 98.3 @5 ; kneighbors_fraction 0.400
Train, epoch: 40; Loss: 0.59 | Acc: 82.6 ; kneighbors_fraction 0.400
Test, epoch: 40; Loss: 0.84 | Acc: 77.8 @1 98.7 @5 ; kneighbors_fraction 0.400
Train, epoch: 41; Loss: 0.61 | Acc: 82.2 ; kneighbors_fraction 0.400
Test, epoch: 41; Loss: 0.94 | Acc: 77.5 @1 98.3 @5 ; kneighbors_fraction 0.400
Train, epoch: 42; Loss: 0.61 | Acc: 82.3 ; kneighbors_fraction 0.400
Test, epoch: 42; Loss: 0.94 | Acc: 77.4 @1 98.5 @5 ; kneighbors_fraction 0.400
Train, epoch: 43; Loss: 0.59 | Acc: 82.7 ; kneighbors_fraction 0.400
Test, epoch: 43; Loss: 0.94 | Acc: 77.5 @1 98.4 @5 ; kneighbors_fraction 0.400
Train, epoch: 44; Loss: 0.61 | Acc: 82.4 ; kneighbors_fraction 0.400
Test, epoch: 44; Loss: 1.08 | Acc: 76.0 @1 98.0 @5 ; kneighbors_fraction 0.400
Train, epoch: 45; Loss: 0.58 | Acc: 83.1 ; kneighbors_fraction 0.400
Test, epoch: 45; Loss: 0.97 | Acc: 77.0 @1 98.5 @5 ; kneighbors_fraction 0.400
Train, epoch: 46; Loss: 0.58 | Acc: 83.2 ; kneighbors_fraction 0.400
Test, epoch: 46; Loss: 1.07 | Acc: 75.2 @1 98.4 @5 ; kneighbors_fraction 0.400
Train, epoch: 47; Loss: 0.56 | Acc: 83.6 ; kneighbors_fraction 0.400
Test, epoch: 47; Loss: 1.08 | Acc: 76.0 @1 98.2 @5 ; kneighbors_fraction 0.400
Train, epoch: 48; Loss: 0.62 | Acc: 82.6 ; kneighbors_fraction 0.400
Test, epoch: 48; Loss: 0.91 | Acc: 78.4 @1 98.5 @5 ; kneighbors_fraction 0.400
Train, epoch: 49; Loss: 0.60 | Acc: 83.3 ; kneighbors_fraction 0.400
Test, epoch: 49; Loss: 0.98 | Acc: 78.6 @1 98.5 @5 ; kneighbors_fraction 0.400
Train, epoch: 50; Loss: 0.56 | Acc: 84.1 ; kneighbors_fraction 0.400
Test, epoch: 50; Loss: 1.07 | Acc: 76.0 @1 98.0 @5 ; kneighbors_fraction 0.400
Train, epoch: 51; Loss: 0.56 | Acc: 84.0 ; kneighbors_fraction 0.400
Test, epoch: 51; Loss: 0.99 | Acc: 79.0 @1 98.5 @5 ; kneighbors_fraction 0.400
Best acc (78.95).
Train, epoch: 52; Loss: 0.61 | Acc: 83.4 ; kneighbors_fraction 0.400
Test, epoch: 52; Loss: 0.99 | Acc: 77.8 @1 98.2 @5 ; kneighbors_fraction 0.400
Train, epoch: 53; Loss: 0.59 | Acc: 83.5 ; kneighbors_fraction 0.400
Test, epoch: 53; Loss: 0.99 | Acc: 78.0 @1 98.3 @5 ; kneighbors_fraction 0.400
Train, epoch: 54; Loss: 0.53 | Acc: 84.8 ; kneighbors_fraction 0.400
Test, epoch: 54; Loss: 1.19 | Acc: 75.3 @1 97.9 @5 ; kneighbors_fraction 0.400
Train, epoch: 55; Loss: 0.63 | Acc: 83.4 ; kneighbors_fraction 0.400
Test, epoch: 55; Loss: 0.96 | Acc: 78.6 @1 98.5 @5 ; kneighbors_fraction 0.400
Train, epoch: 56; Loss: 0.57 | Acc: 84.5 ; kneighbors_fraction 0.400
Test, epoch: 56; Loss: 1.05 | Acc: 77.4 @1 98.2 @5 ; kneighbors_fraction 0.400
Train, epoch: 57; Loss: 0.55 | Acc: 84.8 ; kneighbors_fraction 0.400
Test, epoch: 57; Loss: 1.34 | Acc: 74.3 @1 97.8 @5 ; kneighbors_fraction 0.400
Train, epoch: 58; Loss: 0.60 | Acc: 83.9 ; kneighbors_fraction 0.400
Test, epoch: 58; Loss: 1.04 | Acc: 78.2 @1 98.4 @5 ; kneighbors_fraction 0.400
Train, epoch: 59; Loss: 0.56 | Acc: 84.8 ; kneighbors_fraction 0.400
Test, epoch: 59; Loss: 1.28 | Acc: 75.1 @1 98.2 @5 ; kneighbors_fraction 0.400
Train, epoch: 60; Loss: 0.58 | Acc: 84.6 ; kneighbors_fraction 0.400
Test, epoch: 60; Loss: 1.09 | Acc: 78.1 @1 98.4 @5 ; kneighbors_fraction 0.400
Train, epoch: 61; Loss: 0.58 | Acc: 84.6 ; kneighbors_fraction 0.400
Test, epoch: 61; Loss: 1.17 | Acc: 76.9 @1 98.3 @5 ; kneighbors_fraction 0.400
Train, epoch: 62; Loss: 0.53 | Acc: 85.6 ; kneighbors_fraction 0.400
Test, epoch: 62; Loss: 1.03 | Acc: 78.8 @1 98.7 @5 ; kneighbors_fraction 0.400
Train, epoch: 63; Loss: 0.53 | Acc: 85.6 ; kneighbors_fraction 0.400
Test, epoch: 63; Loss: 1.09 | Acc: 78.0 @1 98.2 @5 ; kneighbors_fraction 0.400
Train, epoch: 64; Loss: 0.51 | Acc: 85.9 ; kneighbors_fraction 0.400
Test, epoch: 64; Loss: 1.22 | Acc: 76.3 @1 98.1 @5 ; kneighbors_fraction 0.400
Train, epoch: 65; Loss: 0.57 | Acc: 85.2 ; kneighbors_fraction 0.400
Test, epoch: 65; Loss: 1.19 | Acc: 77.7 @1 98.5 @5 ; kneighbors_fraction 0.400
Train, epoch: 66; Loss: 0.55 | Acc: 85.7 ; kneighbors_fraction 0.400
Test, epoch: 66; Loss: 1.21 | Acc: 77.4 @1 98.4 @5 ; kneighbors_fraction 0.400
Train, epoch: 67; Loss: 0.65 | Acc: 84.1 ; kneighbors_fraction 0.400
Test, epoch: 67; Loss: 1.28 | Acc: 77.1 @1 98.3 @5 ; kneighbors_fraction 0.400
Train, epoch: 68; Loss: 0.57 | Acc: 85.5 ; kneighbors_fraction 0.400
Test, epoch: 68; Loss: 1.18 | Acc: 77.6 @1 98.4 @5 ; kneighbors_fraction 0.400
Train, epoch: 69; Loss: 0.53 | Acc: 86.1 ; kneighbors_fraction 0.400
Test, epoch: 69; Loss: 1.11 | Acc: 78.8 @1 98.3 @5 ; kneighbors_fraction 0.400
Train, epoch: 70; Loss: 0.58 | Acc: 85.4 ; kneighbors_fraction 0.400
Test, epoch: 70; Loss: 1.42 | Acc: 76.6 @1 98.2 @5 ; kneighbors_fraction 0.400
Train, epoch: 71; Loss: 0.53 | Acc: 86.2 ; kneighbors_fraction 0.400
Test, epoch: 71; Loss: 1.24 | Acc: 77.5 @1 98.2 @5 ; kneighbors_fraction 0.400
Train, epoch: 72; Loss: 0.56 | Acc: 85.7 ; kneighbors_fraction 0.400
Test, epoch: 72; Loss: 1.24 | Acc: 77.6 @1 98.6 @5 ; kneighbors_fraction 0.400
Train, epoch: 73; Loss: 0.60 | Acc: 85.3 ; kneighbors_fraction 0.400
Test, epoch: 73; Loss: 1.39 | Acc: 77.8 @1 98.3 @5 ; kneighbors_fraction 0.400
Train, epoch: 74; Loss: 0.61 | Acc: 85.3 ; kneighbors_fraction 0.400
Test, epoch: 74; Loss: 1.23 | Acc: 78.2 @1 98.5 @5 ; kneighbors_fraction 0.400
Train, epoch: 75; Loss: 0.52 | Acc: 86.8 ; kneighbors_fraction 0.400
Test, epoch: 75; Loss: 1.58 | Acc: 75.7 @1 98.0 @5 ; kneighbors_fraction 0.400
Train, epoch: 76; Loss: 0.61 | Acc: 85.5 ; kneighbors_fraction 0.400
Test, epoch: 76; Loss: 1.45 | Acc: 76.7 @1 98.1 @5 ; kneighbors_fraction 0.400
Train, epoch: 77; Loss: 0.51 | Acc: 87.0 ; kneighbors_fraction 0.400
Test, epoch: 77; Loss: 1.22 | Acc: 78.4 @1 98.6 @5 ; kneighbors_fraction 0.400
Train, epoch: 78; Loss: 0.52 | Acc: 87.0 ; kneighbors_fraction 0.400
Test, epoch: 78; Loss: 1.29 | Acc: 77.4 @1 98.4 @5 ; kneighbors_fraction 0.400
Train, epoch: 79; Loss: 0.55 | Acc: 86.5 ; kneighbors_fraction 0.400
Test, epoch: 79; Loss: 1.42 | Acc: 77.3 @1 98.3 @5 ; kneighbors_fraction 0.400
Train, epoch: 80; Loss: 0.57 | Acc: 86.2 ; kneighbors_fraction 0.400
Test, epoch: 80; Loss: 1.55 | Acc: 74.8 @1 97.9 @5 ; kneighbors_fraction 0.400
Train, epoch: 81; Loss: 0.57 | Acc: 86.5 ; kneighbors_fraction 0.400
Test, epoch: 81; Loss: 1.68 | Acc: 75.1 @1 97.9 @5 ; kneighbors_fraction 0.400
Train, epoch: 82; Loss: 0.61 | Acc: 86.0 ; kneighbors_fraction 0.400
Test, epoch: 82; Loss: 1.49 | Acc: 76.7 @1 98.0 @5 ; kneighbors_fraction 0.400
Train, epoch: 83; Loss: 0.67 | Acc: 85.4 ; kneighbors_fraction 0.400
Test, epoch: 83; Loss: 1.34 | Acc: 77.6 @1 98.3 @5 ; kneighbors_fraction 0.400
Train, epoch: 84; Loss: 0.58 | Acc: 86.6 ; kneighbors_fraction 0.400
Test, epoch: 84; Loss: 1.49 | Acc: 76.8 @1 98.1 @5 ; kneighbors_fraction 0.400
Train, epoch: 85; Loss: 0.56 | Acc: 86.9 ; kneighbors_fraction 0.400
Test, epoch: 85; Loss: 1.49 | Acc: 77.4 @1 98.4 @5 ; kneighbors_fraction 0.400
Train, epoch: 86; Loss: 0.53 | Acc: 87.6 ; kneighbors_fraction 0.400
Test, epoch: 86; Loss: 1.31 | Acc: 78.5 @1 98.7 @5 ; kneighbors_fraction 0.400
Train, epoch: 87; Loss: 0.66 | Acc: 85.7 ; kneighbors_fraction 0.400
Test, epoch: 87; Loss: 1.51 | Acc: 77.6 @1 98.1 @5 ; kneighbors_fraction 0.400
Train, epoch: 88; Loss: 0.66 | Acc: 85.9 ; kneighbors_fraction 0.400
Test, epoch: 88; Loss: 1.75 | Acc: 75.3 @1 98.2 @5 ; kneighbors_fraction 0.400
Train, epoch: 89; Loss: 0.62 | Acc: 86.4 ; kneighbors_fraction 0.400
Test, epoch: 89; Loss: 1.60 | Acc: 76.7 @1 98.2 @5 ; kneighbors_fraction 0.400
Train, epoch: 90; Loss: 0.59 | Acc: 86.9 ; kneighbors_fraction 0.400
Test, epoch: 90; Loss: 1.39 | Acc: 78.6 @1 98.6 @5 ; kneighbors_fraction 0.400
Train, epoch: 91; Loss: 0.57 | Acc: 87.2 ; kneighbors_fraction 0.400
Test, epoch: 91; Loss: 1.50 | Acc: 77.6 @1 98.1 @5 ; kneighbors_fraction 0.400
Train, epoch: 92; Loss: 0.64 | Acc: 86.6 ; kneighbors_fraction 0.400
Test, epoch: 92; Loss: 1.42 | Acc: 78.9 @1 98.4 @5 ; kneighbors_fraction 0.400
Train, epoch: 93; Loss: 0.61 | Acc: 86.8 ; kneighbors_fraction 0.400
Test, epoch: 93; Loss: 1.65 | Acc: 76.4 @1 98.2 @5 ; kneighbors_fraction 0.400
Train, epoch: 94; Loss: 0.56 | Acc: 87.5 ; kneighbors_fraction 0.400
Test, epoch: 94; Loss: 1.49 | Acc: 78.1 @1 98.5 @5 ; kneighbors_fraction 0.400
Train, epoch: 95; Loss: 0.59 | Acc: 87.2 ; kneighbors_fraction 0.400
Test, epoch: 95; Loss: 1.83 | Acc: 76.2 @1 98.0 @5 ; kneighbors_fraction 0.400
Train, epoch: 96; Loss: 0.59 | Acc: 87.3 ; kneighbors_fraction 0.400
Test, epoch: 96; Loss: 1.55 | Acc: 78.7 @1 98.5 @5 ; kneighbors_fraction 0.400
Train, epoch: 97; Loss: 0.55 | Acc: 87.8 ; kneighbors_fraction 0.400
Test, epoch: 97; Loss: 1.42 | Acc: 78.8 @1 98.6 @5 ; kneighbors_fraction 0.400
Train, epoch: 98; Loss: 0.55 | Acc: 87.9 ; kneighbors_fraction 0.400
Test, epoch: 98; Loss: 1.91 | Acc: 75.9 @1 97.8 @5 ; kneighbors_fraction 0.400
Train, epoch: 99; Loss: 0.58 | Acc: 87.6 ; kneighbors_fraction 0.400
Test, epoch: 99; Loss: 1.56 | Acc: 77.6 @1 98.3 @5 ; kneighbors_fraction 0.400
new lr:0.0003
Train, epoch: 100; Loss: 0.15 | Acc: 95.7 ; kneighbors_fraction 0.400
Test, epoch: 100; Loss: 0.89 | Acc: 84.0 @1 99.0 @5 ; kneighbors_fraction 0.400
Best acc (83.97).
Train, epoch: 101; Loss: 0.09 | Acc: 97.1 ; kneighbors_fraction 0.400
Test, epoch: 101; Loss: 0.82 | Acc: 84.6 @1 99.2 @5 ; kneighbors_fraction 0.400
Best acc (84.56).
Train, epoch: 102; Loss: 0.07 | Acc: 97.5 ; kneighbors_fraction 0.400
Test, epoch: 102; Loss: 0.81 | Acc: 84.7 @1 99.2 @5 ; kneighbors_fraction 0.400
Best acc (84.68).
Train, epoch: 103; Loss: 0.07 | Acc: 97.7 ; kneighbors_fraction 0.400
Test, epoch: 103; Loss: 0.80 | Acc: 84.7 @1 99.2 @5 ; kneighbors_fraction 0.400
Train, epoch: 104; Loss: 0.06 | Acc: 97.9 ; kneighbors_fraction 0.400
Test, epoch: 104; Loss: 0.79 | Acc: 84.9 @1 99.2 @5 ; kneighbors_fraction 0.400
Best acc (84.93).
Train, epoch: 105; Loss: 0.06 | Acc: 97.9 ; kneighbors_fraction 0.400
Test, epoch: 105; Loss: 0.78 | Acc: 85.0 @1 99.2 @5 ; kneighbors_fraction 0.400
Best acc (85.02).
Train, epoch: 106; Loss: 0.06 | Acc: 98.0 ; kneighbors_fraction 0.400
Test, epoch: 106; Loss: 0.78 | Acc: 85.0 @1 99.2 @5 ; kneighbors_fraction 0.400
Train, epoch: 107; Loss: 0.06 | Acc: 98.1 ; kneighbors_fraction 0.400
Test, epoch: 107; Loss: 0.76 | Acc: 85.1 @1 99.2 @5 ; kneighbors_fraction 0.400
Best acc (85.07).
Train, epoch: 108; Loss: 0.05 | Acc: 98.2 ; kneighbors_fraction 0.400
Test, epoch: 108; Loss: 0.74 | Acc: 85.0 @1 99.2 @5 ; kneighbors_fraction 0.400
Train, epoch: 109; Loss: 0.05 | Acc: 98.3 ; kneighbors_fraction 0.400
Test, epoch: 109; Loss: 0.74 | Acc: 85.1 @1 99.2 @5 ; kneighbors_fraction 0.400
Train, epoch: 110; Loss: 0.05 | Acc: 98.4 ; kneighbors_fraction 0.400
Test, epoch: 110; Loss: 0.74 | Acc: 85.2 @1 99.2 @5 ; kneighbors_fraction 0.400
Best acc (85.2).
Train, epoch: 111; Loss: 0.05 | Acc: 98.3 ; kneighbors_fraction 0.400
Test, epoch: 111; Loss: 0.75 | Acc: 85.3 @1 99.2 @5 ; kneighbors_fraction 0.400
Best acc (85.3).
Train, epoch: 112; Loss: 0.04 | Acc: 98.4 ; kneighbors_fraction 0.400
Test, epoch: 112; Loss: 0.73 | Acc: 85.3 @1 99.1 @5 ; kneighbors_fraction 0.400
Best acc (85.33).
Train, epoch: 113; Loss: 0.05 | Acc: 98.5 ; kneighbors_fraction 0.400
Test, epoch: 113; Loss: 0.73 | Acc: 85.2 @1 99.2 @5 ; kneighbors_fraction 0.400
Train, epoch: 114; Loss: 0.05 | Acc: 98.5 ; kneighbors_fraction 0.400
Test, epoch: 114; Loss: 0.74 | Acc: 85.1 @1 99.2 @5 ; kneighbors_fraction 0.400
Train, epoch: 115; Loss: 0.05 | Acc: 98.5 ; kneighbors_fraction 0.400
Test, epoch: 115; Loss: 0.73 | Acc: 85.2 @1 99.2 @5 ; kneighbors_fraction 0.400
Train, epoch: 116; Loss: 0.04 | Acc: 98.5 ; kneighbors_fraction 0.400
Test, epoch: 116; Loss: 0.73 | Acc: 85.2 @1 99.2 @5 ; kneighbors_fraction 0.400
Train, epoch: 117; Loss: 0.04 | Acc: 98.5 ; kneighbors_fraction 0.400
Test, epoch: 117; Loss: 0.73 | Acc: 85.2 @1 99.2 @5 ; kneighbors_fraction 0.400
Train, epoch: 118; Loss: 0.04 | Acc: 98.6 ; kneighbors_fraction 0.400
Test, epoch: 118; Loss: 0.73 | Acc: 85.3 @1 99.2 @5 ; kneighbors_fraction 0.400
Train, epoch: 119; Loss: 0.04 | Acc: 98.7 ; kneighbors_fraction 0.400
Test, epoch: 119; Loss: 0.73 | Acc: 85.4 @1 99.1 @5 ; kneighbors_fraction 0.400
Best acc (85.42).
Train, epoch: 120; Loss: 0.04 | Acc: 98.6 ; kneighbors_fraction 0.400
Test, epoch: 120; Loss: 0.73 | Acc: 85.5 @1 99.2 @5 ; kneighbors_fraction 0.400
Best acc (85.5).
Train, epoch: 121; Loss: 0.04 | Acc: 98.7 ; kneighbors_fraction 0.400
Test, epoch: 121; Loss: 0.72 | Acc: 85.4 @1 99.2 @5 ; kneighbors_fraction 0.400
Train, epoch: 122; Loss: 0.04 | Acc: 98.7 ; kneighbors_fraction 0.400
Test, epoch: 122; Loss: 0.73 | Acc: 85.5 @1 99.2 @5 ; kneighbors_fraction 0.400
Best acc (85.51).
Train, epoch: 123; Loss: 0.04 | Acc: 98.7 ; kneighbors_fraction 0.400
Test, epoch: 123; Loss: 0.72 | Acc: 85.5 @1 99.3 @5 ; kneighbors_fraction 0.400
Train, epoch: 124; Loss: 0.04 | Acc: 98.7 ; kneighbors_fraction 0.400
Test, epoch: 124; Loss: 0.73 | Acc: 85.3 @1 99.2 @5 ; kneighbors_fraction 0.400
Train, epoch: 125; Loss: 0.04 | Acc: 98.7 ; kneighbors_fraction 0.400
Test, epoch: 125; Loss: 0.73 | Acc: 85.5 @1 99.1 @5 ; kneighbors_fraction 0.400
Train, epoch: 126; Loss: 0.04 | Acc: 98.7 ; kneighbors_fraction 0.400
Test, epoch: 126; Loss: 0.73 | Acc: 85.2 @1 99.2 @5 ; kneighbors_fraction 0.400
Train, epoch: 127; Loss: 0.04 | Acc: 98.7 ; kneighbors_fraction 0.400
Test, epoch: 127; Loss: 0.72 | Acc: 85.5 @1 99.1 @5 ; kneighbors_fraction 0.400
Best acc (85.52).
Train, epoch: 128; Loss: 0.03 | Acc: 98.8 ; kneighbors_fraction 0.400
Test, epoch: 128; Loss: 0.72 | Acc: 85.2 @1 99.2 @5 ; kneighbors_fraction 0.400
Train, epoch: 129; Loss: 0.04 | Acc: 98.7 ; kneighbors_fraction 0.400
Test, epoch: 129; Loss: 0.72 | Acc: 85.4 @1 99.2 @5 ; kneighbors_fraction 0.400
Train, epoch: 130; Loss: 0.04 | Acc: 98.8 ; kneighbors_fraction 0.400
Test, epoch: 130; Loss: 0.72 | Acc: 85.5 @1 99.1 @5 ; kneighbors_fraction 0.400
Train, epoch: 131; Loss: 0.03 | Acc: 98.9 ; kneighbors_fraction 0.400
Test, epoch: 131; Loss: 0.71 | Acc: 85.5 @1 99.2 @5 ; kneighbors_fraction 0.400
Best acc (85.54).
Train, epoch: 132; Loss: 0.04 | Acc: 98.7 ; kneighbors_fraction 0.400
Test, epoch: 132; Loss: 0.73 | Acc: 85.4 @1 99.1 @5 ; kneighbors_fraction 0.400
Train, epoch: 133; Loss: 0.03 | Acc: 98.9 ; kneighbors_fraction 0.400
Test, epoch: 133; Loss: 0.72 | Acc: 85.6 @1 99.2 @5 ; kneighbors_fraction 0.400
Best acc (85.58).
Train, epoch: 134; Loss: 0.03 | Acc: 98.9 ; kneighbors_fraction 0.400
Test, epoch: 134; Loss: 0.72 | Acc: 85.4 @1 99.2 @5 ; kneighbors_fraction 0.400
Train, epoch: 135; Loss: 0.03 | Acc: 98.9 ; kneighbors_fraction 0.400
Test, epoch: 135; Loss: 0.72 | Acc: 85.3 @1 99.1 @5 ; kneighbors_fraction 0.400
Train, epoch: 136; Loss: 0.03 | Acc: 98.8 ; kneighbors_fraction 0.400
Test, epoch: 136; Loss: 0.72 | Acc: 85.5 @1 99.2 @5 ; kneighbors_fraction 0.400
Train, epoch: 137; Loss: 0.03 | Acc: 98.9 ; kneighbors_fraction 0.400
Test, epoch: 137; Loss: 0.72 | Acc: 85.5 @1 99.1 @5 ; kneighbors_fraction 0.400
Train, epoch: 138; Loss: 0.03 | Acc: 98.9 ; kneighbors_fraction 0.400
Test, epoch: 138; Loss: 0.72 | Acc: 85.5 @1 99.2 @5 ; kneighbors_fraction 0.400
Train, epoch: 139; Loss: 0.03 | Acc: 98.9 ; kneighbors_fraction 0.400
Test, epoch: 139; Loss: 0.71 | Acc: 85.7 @1 99.2 @5 ; kneighbors_fraction 0.400
Best acc (85.68).
Train, epoch: 140; Loss: 0.03 | Acc: 98.9 ; kneighbors_fraction 0.400
Test, epoch: 140; Loss: 0.71 | Acc: 85.7 @1 99.1 @5 ; kneighbors_fraction 0.400
Train, epoch: 141; Loss: 0.03 | Acc: 98.8 ; kneighbors_fraction 0.400
Test, epoch: 141; Loss: 0.72 | Acc: 85.4 @1 99.1 @5 ; kneighbors_fraction 0.400
Train, epoch: 142; Loss: 0.03 | Acc: 98.9 ; kneighbors_fraction 0.400
Test, epoch: 142; Loss: 0.72 | Acc: 85.5 @1 99.2 @5 ; kneighbors_fraction 0.400
Train, epoch: 143; Loss: 0.03 | Acc: 99.0 ; kneighbors_fraction 0.400
Test, epoch: 143; Loss: 0.72 | Acc: 85.5 @1 99.1 @5 ; kneighbors_fraction 0.400
Train, epoch: 144; Loss: 0.03 | Acc: 99.0 ; kneighbors_fraction 0.400
Test, epoch: 144; Loss: 0.72 | Acc: 85.4 @1 99.1 @5 ; kneighbors_fraction 0.400
Train, epoch: 145; Loss: 0.03 | Acc: 98.9 ; kneighbors_fraction 0.400
Test, epoch: 145; Loss: 0.71 | Acc: 85.5 @1 99.2 @5 ; kneighbors_fraction 0.400
Train, epoch: 146; Loss: 0.03 | Acc: 99.0 ; kneighbors_fraction 0.400
Test, epoch: 146; Loss: 0.73 | Acc: 85.6 @1 99.1 @5 ; kneighbors_fraction 0.400
Train, epoch: 147; Loss: 0.03 | Acc: 99.0 ; kneighbors_fraction 0.400
Test, epoch: 147; Loss: 0.71 | Acc: 85.7 @1 99.2 @5 ; kneighbors_fraction 0.400
Best acc (85.74).
Train, epoch: 148; Loss: 0.03 | Acc: 98.9 ; kneighbors_fraction 0.400
Test, epoch: 148; Loss: 0.72 | Acc: 85.7 @1 99.1 @5 ; kneighbors_fraction 0.400
Train, epoch: 149; Loss: 0.03 | Acc: 98.9 ; kneighbors_fraction 0.400
Test, epoch: 149; Loss: 0.72 | Acc: 85.4 @1 99.2 @5 ; kneighbors_fraction 0.400
new lr:3e-05
Train, epoch: 150; Loss: 0.03 | Acc: 99.1 ; kneighbors_fraction 0.400
Test, epoch: 150; Loss: 0.71 | Acc: 85.7 @1 99.1 @5 ; kneighbors_fraction 0.400
Train, epoch: 151; Loss: 0.03 | Acc: 99.1 ; kneighbors_fraction 0.400
Test, epoch: 151; Loss: 0.71 | Acc: 85.6 @1 99.1 @5 ; kneighbors_fraction 0.400
Train, epoch: 152; Loss: 0.03 | Acc: 99.1 ; kneighbors_fraction 0.400
Test, epoch: 152; Loss: 0.71 | Acc: 85.6 @1 99.1 @5 ; kneighbors_fraction 0.400
Train, epoch: 153; Loss: 0.03 | Acc: 99.1 ; kneighbors_fraction 0.400
Test, epoch: 153; Loss: 0.71 | Acc: 85.7 @1 99.1 @5 ; kneighbors_fraction 0.400
Train, epoch: 154; Loss: 0.03 | Acc: 99.1 ; kneighbors_fraction 0.400
Test, epoch: 154; Loss: 0.71 | Acc: 85.6 @1 99.1 @5 ; kneighbors_fraction 0.400
Train, epoch: 155; Loss: 0.03 | Acc: 99.1 ; kneighbors_fraction 0.400
Test, epoch: 155; Loss: 0.71 | Acc: 85.7 @1 99.1 @5 ; kneighbors_fraction 0.400
Train, epoch: 156; Loss: 0.03 | Acc: 99.1 ; kneighbors_fraction 0.400
Test, epoch: 156; Loss: 0.71 | Acc: 85.7 @1 99.1 @5 ; kneighbors_fraction 0.400
Train, epoch: 157; Loss: 0.03 | Acc: 99.1 ; kneighbors_fraction 0.400
Test, epoch: 157; Loss: 0.71 | Acc: 85.6 @1 99.1 @5 ; kneighbors_fraction 0.400
Train, epoch: 158; Loss: 0.03 | Acc: 99.2 ; kneighbors_fraction 0.400
Test, epoch: 158; Loss: 0.70 | Acc: 85.7 @1 99.1 @5 ; kneighbors_fraction 0.400
Train, epoch: 159; Loss: 0.03 | Acc: 99.1 ; kneighbors_fraction 0.400
Test, epoch: 159; Loss: 0.70 | Acc: 85.7 @1 99.2 @5 ; kneighbors_fraction 0.400
Train, epoch: 160; Loss: 0.03 | Acc: 99.1 ; kneighbors_fraction 0.400
Test, epoch: 160; Loss: 0.71 | Acc: 85.7 @1 99.1 @5 ; kneighbors_fraction 0.400
Train, epoch: 161; Loss: 0.03 | Acc: 99.1 ; kneighbors_fraction 0.400
Test, epoch: 161; Loss: 0.71 | Acc: 85.7 @1 99.2 @5 ; kneighbors_fraction 0.400
Train, epoch: 162; Loss: 0.03 | Acc: 99.2 ; kneighbors_fraction 0.400
Test, epoch: 162; Loss: 0.71 | Acc: 85.6 @1 99.2 @5 ; kneighbors_fraction 0.400
Train, epoch: 163; Loss: 0.03 | Acc: 99.1 ; kneighbors_fraction 0.400
Test, epoch: 163; Loss: 0.70 | Acc: 85.7 @1 99.2 @5 ; kneighbors_fraction 0.400
Train, epoch: 164; Loss: 0.03 | Acc: 99.1 ; kneighbors_fraction 0.400
Test, epoch: 164; Loss: 0.71 | Acc: 85.7 @1 99.2 @5 ; kneighbors_fraction 0.400
Train, epoch: 165; Loss: 0.03 | Acc: 99.2 ; kneighbors_fraction 0.400
Test, epoch: 165; Loss: 0.70 | Acc: 85.7 @1 99.2 @5 ; kneighbors_fraction 0.400
Train, epoch: 166; Loss: 0.03 | Acc: 99.1 ; kneighbors_fraction 0.400
Test, epoch: 166; Loss: 0.71 | Acc: 85.7 @1 99.2 @5 ; kneighbors_fraction 0.400
Train, epoch: 167; Loss: 0.03 | Acc: 99.2 ; kneighbors_fraction 0.400
Test, epoch: 167; Loss: 0.71 | Acc: 85.7 @1 99.1 @5 ; kneighbors_fraction 0.400
Train, epoch: 168; Loss: 0.03 | Acc: 99.1 ; kneighbors_fraction 0.400
Test, epoch: 168; Loss: 0.71 | Acc: 85.7 @1 99.1 @5 ; kneighbors_fraction 0.400
Train, epoch: 169; Loss: 0.03 | Acc: 99.1 ; kneighbors_fraction 0.400
Test, epoch: 169; Loss: 0.71 | Acc: 85.7 @1 99.1 @5 ; kneighbors_fraction 0.400
Train, epoch: 170; Loss: 0.03 | Acc: 99.1 ; kneighbors_fraction 0.400
Test, epoch: 170; Loss: 0.71 | Acc: 85.7 @1 99.2 @5 ; kneighbors_fraction 0.400
Train, epoch: 171; Loss: 0.03 | Acc: 99.2 ; kneighbors_fraction 0.400
Test, epoch: 171; Loss: 0.71 | Acc: 85.6 @1 99.2 @5 ; kneighbors_fraction 0.400
Train, epoch: 172; Loss: 0.03 | Acc: 99.2 ; kneighbors_fraction 0.400
Test, epoch: 172; Loss: 0.71 | Acc: 85.6 @1 99.2 @5 ; kneighbors_fraction 0.400
Train, epoch: 173; Loss: 0.03 | Acc: 99.2 ; kneighbors_fraction 0.400
Test, epoch: 173; Loss: 0.70 | Acc: 85.6 @1 99.2 @5 ; kneighbors_fraction 0.400
Train, epoch: 174; Loss: 0.03 | Acc: 99.2 ; kneighbors_fraction 0.400
Test, epoch: 174; Loss: 0.71 | Acc: 85.7 @1 99.2 @5 ; kneighbors_fraction 0.400
Best test acc. 85.74 at epoch 147/174
Done in 19.1 hours with 2 GPU
